TN:
SF:src\controllers\auth.js
FN:13,register
FN:76,login
FN:110,resetPassword
FNF:3
FNH:3
FNDA:5,register
FNDA:4,login
FNDA:2,resetPassword
DA:1,1
DA:2,1
DA:3,1
DA:4,1
DA:5,1
DA:6,1
DA:7,1
DA:8,1
DA:9,1
DA:10,1
DA:11,1
DA:12,1
DA:13,1
DA:14,5
DA:15,5
DA:16,5
DA:17,5
DA:18,5
DA:19,5
DA:20,5
DA:21,5
DA:22,5
DA:23,5
DA:24,5
DA:25,5
DA:26,5
DA:27,5
DA:28,5
DA:29,5
DA:30,5
DA:31,5
DA:32,5
DA:33,5
DA:34,5
DA:35,5
DA:36,5
DA:37,2
DA:38,2
DA:39,2
DA:40,2
DA:41,2
DA:42,3
DA:43,5
DA:44,2
DA:45,2
DA:46,2
DA:47,2
DA:48,2
DA:49,2
DA:50,2
DA:51,1
DA:52,1
DA:53,1
DA:54,1
DA:55,1
DA:56,1
DA:57,5
DA:58,1
DA:59,1
DA:60,1
DA:61,1
DA:62,1
DA:63,1
DA:64,1
DA:65,1
DA:66,1
DA:67,1
DA:68,1
DA:69,1
DA:70,1
DA:71,1
DA:72,1
DA:73,1
DA:74,1
DA:75,1
DA:76,1
DA:77,4
DA:78,4
DA:79,4
DA:80,4
DA:81,4
DA:82,4
DA:83,4
DA:84,4
DA:85,1
DA:86,1
DA:87,4
DA:88,4
DA:89,1
DA:90,4
DA:91,2
DA:92,2
DA:93,2
DA:94,2
DA:95,4
DA:96,1
DA:97,1
DA:98,1
DA:99,1
DA:100,0
DA:101,0
DA:102,1
DA:103,1
DA:104,1
DA:105,4
DA:106,0
DA:107,0
DA:108,0
DA:109,0
DA:110,1
DA:111,2
DA:112,2
DA:113,2
DA:114,2
DA:115,2
DA:116,2
DA:117,2
DA:118,2
DA:119,2
DA:120,2
DA:121,2
DA:122,2
DA:123,2
DA:124,2
DA:125,2
DA:126,0
DA:127,0
DA:128,2
DA:129,1
DA:130,1
DA:131,1
DA:132,1
DA:133,1
DA:134,1
DA:135,1
DA:136,1
DA:137,1
DA:138,1
DA:139,2
DA:140,0
DA:141,0
DA:142,2
DA:143,0
DA:144,0
DA:145,0
DA:146,0
LF:146
LH:132
BRDA:1,0,0,1
BRDA:1,1,0,1
BRDA:13,2,0,5
BRDA:36,3,0,2
BRDA:42,4,0,3
BRDA:43,5,0,2
BRDA:50,6,0,1
BRDA:57,7,0,1
BRDA:76,8,0,4
BRDA:84,9,0,1
BRDA:87,10,0,3
BRDA:88,11,0,1
BRDA:90,12,0,2
BRDA:95,13,0,1
BRDA:99,14,0,0
BRDA:105,15,0,0
BRDA:110,16,0,2
BRDA:125,17,0,0
BRDA:128,18,0,1
BRDA:139,19,0,0
BRDA:142,20,0,0
BRF:21
BRH:16
end_of_record
TN:
SF:src\controllers\orders.js
FN:10,getOrders
FN:23,getAllOrders
FN:36,getOderById
FN:51,getOrdersByClient
FN:66,createOrder
FN:121,calculateAmountAndDeliveryTime
FN:131,updateOrder
FN:144,monthlyAmount
FN:156,salesByMonth
FN:168,salesByProduct
FNF:10
FNH:7
FNDA:2,getOrders
FNDA:2,getAllOrders
FNDA:2,getOderById
FNDA:2,getOrdersByClient
FNDA:2,createOrder
FNDA:2,calculateAmountAndDeliveryTime
FNDA:2,updateOrder
FNDA:0,monthlyAmount
FNDA:0,salesByMonth
FNDA:0,salesByProduct
DA:1,1
DA:2,1
DA:3,1
DA:4,1
DA:5,1
DA:6,1
DA:7,1
DA:8,1
DA:9,1
DA:10,1
DA:11,2
DA:12,2
DA:13,2
DA:14,2
DA:15,1
DA:16,1
DA:17,1
DA:18,1
DA:19,1
DA:20,1
DA:21,1
DA:22,1
DA:23,1
DA:24,2
DA:25,2
DA:26,2
DA:27,2
DA:28,1
DA:29,1
DA:30,1
DA:31,1
DA:32,1
DA:33,1
DA:34,1
DA:35,1
DA:36,1
DA:37,2
DA:38,2
DA:39,2
DA:40,2
DA:41,2
DA:42,1
DA:43,1
DA:44,1
DA:45,1
DA:46,1
DA:47,1
DA:48,1
DA:49,1
DA:50,2
DA:51,1
DA:52,2
DA:53,2
DA:54,2
DA:55,2
DA:56,2
DA:57,1
DA:58,1
DA:59,1
DA:60,1
DA:61,1
DA:62,1
DA:63,1
DA:64,1
DA:65,1
DA:66,1
DA:67,2
DA:68,2
DA:69,2
DA:70,2
DA:71,2
DA:72,2
DA:73,2
DA:74,2
DA:75,2
DA:76,2
DA:77,0
DA:78,2
DA:79,0
DA:80,0
DA:81,0
DA:82,0
DA:83,2
DA:84,2
DA:85,2
DA:86,2
DA:87,2
DA:88,2
DA:89,2
DA:90,2
DA:91,2
DA:92,2
DA:93,2
DA:94,2
DA:95,2
DA:96,2
DA:97,2
DA:98,1
DA:99,1
DA:100,1
DA:101,1
DA:102,1
DA:103,1
DA:104,1
DA:105,1
DA:106,1
DA:107,1
DA:108,1
DA:109,1
DA:110,1
DA:111,1
DA:112,1
DA:113,1
DA:114,1
DA:115,1
DA:116,1
DA:117,1
DA:118,1
DA:119,1
DA:120,1
DA:121,1
DA:122,2
DA:123,2
DA:124,2
DA:125,2
DA:126,2
DA:127,2
DA:128,2
DA:129,2
DA:130,2
DA:131,1
DA:132,2
DA:133,2
DA:134,2
DA:135,2
DA:136,1
DA:137,1
DA:138,1
DA:139,1
DA:140,1
DA:141,1
DA:142,1
DA:143,1
DA:144,1
DA:145,0
DA:146,0
DA:147,0
DA:148,0
DA:149,0
DA:150,0
DA:151,0
DA:152,0
DA:153,0
DA:154,0
DA:155,0
DA:156,1
DA:157,0
DA:158,0
DA:159,0
DA:160,0
DA:161,0
DA:162,0
DA:163,0
DA:164,0
DA:165,0
DA:166,0
DA:167,0
DA:168,1
DA:169,0
DA:170,0
DA:171,0
DA:172,0
DA:173,0
DA:174,0
DA:175,0
DA:176,0
DA:177,0
DA:178,0
DA:179,0
DA:180,0
DA:181,1
DA:182,1
DA:183,1
DA:184,1
DA:185,1
DA:186,1
DA:187,1
DA:188,1
LF:188
LH:149
BRDA:1,0,0,1
BRDA:1,1,0,1
BRDA:10,2,0,2
BRDA:13,3,0,1
BRDA:14,4,0,1
BRDA:23,5,0,2
BRDA:27,6,0,1
BRDA:36,7,0,2
BRDA:39,8,0,1
BRDA:40,9,0,0
BRDA:41,10,0,1
BRDA:51,11,0,2
BRDA:54,12,0,1
BRDA:55,13,0,0
BRDA:56,14,0,1
BRDA:66,15,0,2
BRDA:76,16,0,0
BRDA:78,17,0,0
BRDA:97,18,0,1
BRDA:121,19,0,2
BRDA:131,20,0,2
BRDA:135,21,0,1
BRF:22
BRH:18
end_of_record
TN:
SF:src\controllers\product.js
FN:8,getProducts
FN:19,getProductsApp
FN:31,getProductById
FN:46,createProduct
FN:80,updateProduct
FNF:5
FNH:5
FNDA:1,getProducts
FNDA:1,getProductsApp
FNDA:1,getProductById
FNDA:2,createProduct
FNDA:1,updateProduct
DA:1,1
DA:2,1
DA:3,1
DA:4,1
DA:5,1
DA:6,1
DA:7,1
DA:8,1
DA:9,1
DA:10,1
DA:11,1
DA:12,1
DA:13,1
DA:14,1
DA:15,1
DA:16,1
DA:17,0
DA:18,0
DA:19,1
DA:20,1
DA:21,1
DA:22,1
DA:23,1
DA:24,1
DA:25,1
DA:26,1
DA:27,1
DA:28,1
DA:29,0
DA:30,0
DA:31,1
DA:32,1
DA:33,1
DA:34,1
DA:35,1
DA:36,1
DA:37,1
DA:38,1
DA:39,1
DA:40,1
DA:41,0
DA:42,0
DA:43,0
DA:44,0
DA:45,0
DA:46,1
DA:47,2
DA:48,2
DA:49,2
DA:50,2
DA:51,2
DA:52,2
DA:53,1
DA:54,1
DA:55,1
DA:56,1
DA:57,1
DA:58,1
DA:59,1
DA:60,1
DA:61,1
DA:62,1
DA:63,1
DA:64,1
DA:65,1
DA:66,1
DA:67,1
DA:68,1
DA:69,1
DA:70,1
DA:71,1
DA:72,0
DA:73,0
DA:74,1
DA:75,1
DA:76,1
DA:77,0
DA:78,0
DA:79,0
DA:80,1
DA:81,1
DA:82,1
DA:83,1
DA:84,1
DA:85,1
DA:86,0
DA:87,0
DA:88,0
DA:89,0
DA:90,0
DA:91,1
DA:92,1
DA:93,1
DA:94,1
LF:94
LH:75
BRDA:1,0,0,1
BRDA:1,1,0,1
BRDA:8,2,0,1
BRDA:17,3,0,0
BRDA:19,4,0,1
BRDA:29,5,0,0
BRDA:31,6,0,1
BRDA:35,7,0,0
BRDA:40,8,0,0
BRDA:46,9,0,2
BRDA:52,10,0,1
BRDA:77,11,0,0
BRDA:68,12,0,1
BRDA:80,13,0,1
BRDA:85,14,0,0
BRF:15
BRH:9
end_of_record
TN:
SF:src\controllers\users.js
FN:8,getAllUser
FN:19,getUserById
FN:32,updateUser
FNF:3
FNH:3
FNDA:1,getAllUser
FNDA:1,getUserById
FNDA:1,updateUser
DA:1,1
DA:2,1
DA:3,1
DA:4,1
DA:5,1
DA:6,1
DA:7,1
DA:8,1
DA:9,1
DA:10,1
DA:11,1
DA:12,1
DA:13,1
DA:14,1
DA:15,1
DA:16,1
DA:17,0
DA:18,0
DA:19,1
DA:20,1
DA:21,1
DA:22,1
DA:23,1
DA:24,1
DA:25,1
DA:26,1
DA:27,1
DA:28,1
DA:29,0
DA:30,0
DA:31,0
DA:32,1
DA:33,1
DA:34,1
DA:35,1
DA:36,1
DA:37,1
DA:38,1
DA:39,0
DA:40,0
DA:41,0
DA:42,0
DA:43,1
DA:44,1
LF:44
LH:35
BRDA:1,0,0,1
BRDA:1,1,0,1
BRDA:8,2,0,1
BRDA:17,3,0,0
BRDA:19,4,0,1
BRDA:29,5,0,0
BRDA:32,6,0,1
BRDA:39,7,0,0
BRF:8
BRH:5
end_of_record
TN:
SF:src\models\client.js
FN:8,Client
FN:27,register
FN:49,getClient
FNF:3
FNH:3
FNDA:2,Client
FNDA:2,register
FNDA:2,getClient
DA:1,1
DA:2,1
DA:3,1
DA:4,1
DA:5,1
DA:6,1
DA:7,1
DA:8,1
DA:9,2
DA:10,2
DA:11,2
DA:12,2
DA:13,2
DA:14,2
DA:15,2
DA:16,2
DA:17,2
DA:18,2
DA:19,2
DA:20,2
DA:21,2
DA:22,2
DA:23,2
DA:24,2
DA:25,2
DA:26,2
DA:27,1
DA:28,2
DA:29,2
DA:30,2
DA:31,2
DA:32,2
DA:33,2
DA:34,2
DA:35,2
DA:36,2
DA:37,2
DA:38,2
DA:39,2
DA:40,2
DA:41,2
DA:42,2
DA:43,0
DA:44,0
DA:45,0
DA:46,0
DA:47,0
DA:48,1
DA:49,1
DA:50,2
DA:51,2
DA:52,2
DA:53,2
DA:54,2
DA:55,0
DA:56,0
DA:57,0
DA:58,0
DA:59,0
DA:60,0
LF:60
LH:49
BRDA:1,0,0,1
BRDA:1,1,0,1
BRDA:8,2,0,2
BRDA:27,3,0,2
BRDA:42,4,0,0
BRDA:49,5,0,2
BRDA:54,6,0,0
BRF:7
BRH:5
end_of_record
TN:
SF:src\models\order.js
FN:8,Order
FN:24,getOrders
FN:61,getAllOrdersByStatus
FN:96,monthlyAmount
FN:107,salesByMonth
FN:118,salesByProduct
FN:129,getOrderById
FN:144,getOrderByClientId
FN:160,createOrder
FN:178,createOrderLine
FN:194,updateOrder
FN:208,updateOrderStatus
FN:222,parseData
FNF:13
FNH:9
FNDA:4,Order
FNDA:3,getOrders
FNDA:3,getAllOrdersByStatus
FNDA:0,monthlyAmount
FNDA:0,salesByMonth
FNDA:0,salesByProduct
FNDA:1,getOrderById
FNDA:1,getOrderByClientId
FNDA:4,createOrder
FNDA:1,createOrderLine
FNDA:0,updateOrder
FNDA:2,updateOrderStatus
FNDA:7,parseData
DA:1,1
DA:2,1
DA:3,1
DA:4,1
DA:5,1
DA:6,1
DA:7,1
DA:8,1
DA:9,4
DA:10,4
DA:11,4
DA:12,4
DA:13,4
DA:14,4
DA:15,4
DA:16,4
DA:17,4
DA:18,4
DA:19,4
DA:20,4
DA:21,4
DA:22,4
DA:23,4
DA:24,1
DA:25,3
DA:26,3
DA:27,3
DA:28,3
DA:29,3
DA:30,3
DA:31,3
DA:32,3
DA:33,3
DA:34,3
DA:35,3
DA:36,3
DA:37,3
DA:38,3
DA:39,3
DA:40,3
DA:41,3
DA:42,3
DA:43,3
DA:44,3
DA:45,3
DA:46,3
DA:47,3
DA:48,3
DA:49,3
DA:50,2
DA:51,2
DA:52,2
DA:53,2
DA:54,3
DA:55,1
DA:56,1
DA:57,1
DA:58,1
DA:59,1
DA:60,3
DA:61,1
DA:62,3
DA:63,3
DA:64,3
DA:65,3
DA:66,3
DA:67,3
DA:68,3
DA:69,3
DA:70,3
DA:71,3
DA:72,3
DA:73,3
DA:74,3
DA:75,3
DA:76,3
DA:77,3
DA:78,3
DA:79,3
DA:80,3
DA:81,3
DA:82,3
DA:83,3
DA:84,3
DA:85,3
DA:86,3
DA:87,3
DA:88,3
DA:89,3
DA:90,0
DA:91,0
DA:92,0
DA:93,0
DA:94,0
DA:95,0
DA:96,1
DA:97,0
DA:98,0
DA:99,0
DA:100,0
DA:101,0
DA:102,0
DA:103,0
DA:104,0
DA:105,0
DA:106,0
DA:107,1
DA:108,0
DA:109,0
DA:110,0
DA:111,0
DA:112,0
DA:113,0
DA:114,0
DA:115,0
DA:116,0
DA:117,0
DA:118,1
DA:119,0
DA:120,0
DA:121,0
DA:122,0
DA:123,0
DA:124,0
DA:125,0
DA:126,0
DA:127,0
DA:128,0
DA:129,1
DA:130,1
DA:131,1
DA:132,1
DA:133,1
DA:134,1
DA:135,1
DA:136,1
DA:137,1
DA:138,0
DA:139,0
DA:140,0
DA:141,0
DA:142,0
DA:143,1
DA:144,1
DA:145,1
DA:146,1
DA:147,1
DA:148,1
DA:149,1
DA:150,1
DA:151,1
DA:152,1
DA:153,0
DA:154,0
DA:155,0
DA:156,0
DA:157,0
DA:158,0
DA:159,1
DA:160,1
DA:161,4
DA:162,4
DA:163,4
DA:164,4
DA:165,4
DA:166,4
DA:167,4
DA:168,4
DA:169,4
DA:170,4
DA:171,4
DA:172,4
DA:173,2
DA:174,2
DA:175,2
DA:176,2
DA:177,2
DA:178,1
DA:179,1
DA:180,1
DA:181,1
DA:182,1
DA:183,1
DA:184,1
DA:185,1
DA:186,1
DA:187,1
DA:188,0
DA:189,0
DA:190,0
DA:191,0
DA:192,0
DA:193,1
DA:194,1
DA:195,0
DA:196,0
DA:197,0
DA:198,0
DA:199,0
DA:200,0
DA:201,0
DA:202,0
DA:203,0
DA:204,0
DA:205,0
DA:206,0
DA:207,0
DA:208,1
DA:209,2
DA:210,2
DA:211,2
DA:212,2
DA:213,2
DA:214,2
DA:215,1
DA:216,1
DA:217,1
DA:218,1
DA:219,1
DA:220,1
DA:221,2
DA:222,1
DA:223,7
DA:224,9
DA:225,9
DA:226,9
DA:227,9
DA:228,9
DA:229,9
DA:230,9
DA:231,9
DA:232,9
LF:232
LH:167
BRDA:1,0,0,1
BRDA:1,1,0,1
BRDA:8,2,0,4
BRDA:24,3,0,3
BRDA:50,4,0,2
BRDA:54,5,0,1
BRDA:61,6,0,3
BRDA:89,7,0,0
BRDA:129,8,0,1
BRDA:137,9,0,0
BRDA:144,10,0,1
BRDA:152,11,0,0
BRDA:160,12,0,4
BRDA:172,13,0,2
BRDA:178,14,0,1
BRDA:187,15,0,0
BRDA:208,16,0,2
BRDA:214,17,0,1
BRDA:222,18,0,7
BRDA:223,19,0,9
BRF:20
BRH:16
end_of_record
TN:
SF:src\models\product.js
FN:4,Product
FN:15,getProducts
FN:28,getProductsApp
FN:41,getProductById
FN:53,getProductByName
FN:65,createProduct
FN:82,updateProductStatus
FN:96,parseData
FNF:8
FNH:8
FNDA:3,Product
FNDA:2,getProducts
FNDA:2,getProductsApp
FNDA:7,getProductById
FNDA:4,getProductByName
FNDA:3,createProduct
FNDA:3,updateProductStatus
FNDA:14,parseData
DA:1,1
DA:2,1
DA:3,1
DA:4,1
DA:5,3
DA:6,3
DA:7,3
DA:8,3
DA:9,3
DA:10,3
DA:11,3
DA:12,3
DA:13,3
DA:14,3
DA:15,1
DA:16,2
DA:17,2
DA:18,2
DA:19,2
DA:20,2
DA:21,2
DA:22,0
DA:23,0
DA:24,0
DA:25,0
DA:26,0
DA:27,0
DA:28,1
DA:29,2
DA:30,2
DA:31,2
DA:32,2
DA:33,2
DA:34,2
DA:35,0
DA:36,0
DA:37,0
DA:38,0
DA:39,0
DA:40,0
DA:41,1
DA:42,7
DA:43,7
DA:44,7
DA:45,7
DA:46,6
DA:47,7
DA:48,1
DA:49,1
DA:50,1
DA:51,1
DA:52,1
DA:53,1
DA:54,4
DA:55,4
DA:56,4
DA:57,4
DA:58,4
DA:59,0
DA:60,0
DA:61,0
DA:62,0
DA:63,0
DA:64,0
DA:65,1
DA:66,3
DA:67,3
DA:68,3
DA:69,3
DA:70,3
DA:71,3
DA:72,3
DA:73,3
DA:74,3
DA:75,3
DA:76,3
DA:77,3
DA:78,1
DA:79,1
DA:80,1
DA:81,3
DA:82,1
DA:83,3
DA:84,3
DA:85,3
DA:86,3
DA:87,3
DA:88,3
DA:89,1
DA:90,1
DA:91,1
DA:92,1
DA:93,1
DA:94,1
DA:95,3
DA:96,1
DA:97,14
DA:98,14
DA:99,14
DA:100,14
DA:101,14
DA:102,14
DA:103,14
DA:104,14
DA:105,14
DA:106,14
LF:106
LH:88
BRDA:1,0,0,1
BRDA:1,1,0,1
BRDA:4,2,0,3
BRDA:15,3,0,2
BRDA:21,4,0,0
BRDA:28,5,0,2
BRDA:34,6,0,0
BRDA:41,7,0,7
BRDA:45,8,0,6
BRDA:47,9,0,1
BRDA:53,10,0,4
BRDA:58,11,0,0
BRDA:65,12,0,3
BRDA:77,13,0,2
BRDA:77,14,0,1
BRDA:82,15,0,3
BRDA:88,16,0,2
BRDA:88,17,0,1
BRDA:96,18,0,14
BRDA:98,19,0,14
BRDA:103,20,0,0
BRF:21
BRH:17
end_of_record
TN:
SF:src\models\user.js
FN:5,User
FN:15,register
FN:33,getUser
FN:47,getAllGroupUser
FN:68,updateUser
FN:87,getUserById
FNF:6
FNH:6
FNDA:4,User
FNDA:4,register
FNDA:13,getUser
FNDA:2,getAllGroupUser
FNDA:5,updateUser
FNDA:4,getUserById
DA:1,1
DA:2,1
DA:3,1
DA:4,1
DA:5,4
DA:6,4
DA:7,4
DA:8,4
DA:9,4
DA:10,4
DA:11,4
DA:12,4
DA:13,4
DA:14,4
DA:15,1
DA:16,4
DA:17,4
DA:18,4
DA:19,4
DA:20,4
DA:21,4
DA:22,4
DA:23,4
DA:24,4
DA:25,4
DA:26,4
DA:27,4
DA:28,1
DA:29,1
DA:30,1
DA:31,1
DA:32,1
DA:33,1
DA:34,13
DA:35,13
DA:36,13
DA:37,13
DA:38,13
DA:39,13
DA:40,13
DA:41,0
DA:42,0
DA:43,0
DA:44,0
DA:45,0
DA:46,0
DA:47,1
DA:48,2
DA:49,2
DA:50,2
DA:51,2
DA:52,2
DA:53,2
DA:54,2
DA:55,2
DA:56,2
DA:57,2
DA:58,2
DA:59,2
DA:60,2
DA:61,2
DA:62,0
DA:63,0
DA:64,0
DA:65,0
DA:66,0
DA:67,0
DA:68,1
DA:69,5
DA:70,5
DA:71,5
DA:72,5
DA:73,5
DA:74,5
DA:75,5
DA:76,5
DA:77,5
DA:78,5
DA:79,5
DA:80,5
DA:81,1
DA:82,1
DA:83,1
DA:84,1
DA:85,1
DA:86,1
DA:87,1
DA:88,4
DA:89,4
DA:90,4
DA:91,4
DA:92,4
DA:93,4
DA:94,4
DA:95,4
DA:96,4
DA:97,4
DA:98,4
DA:99,4
DA:100,4
DA:101,4
DA:102,4
DA:103,4
DA:104,2
DA:105,2
DA:106,2
DA:107,2
DA:108,2
DA:109,2
LF:109
LH:97
BRDA:1,0,0,1
BRDA:1,1,0,1
BRDA:5,2,0,4
BRDA:15,3,0,4
BRDA:27,4,0,3
BRDA:27,5,0,1
BRDA:33,6,0,13
BRDA:36,7,0,9
BRDA:36,8,0,3
BRDA:40,9,0,12
BRDA:40,10,0,0
BRDA:47,11,0,2
BRDA:61,12,0,0
BRDA:68,13,0,5
BRDA:80,14,0,4
BRDA:80,15,0,1
BRDA:71,16,0,9
BRDA:72,17,0,5
BRDA:73,18,0,1
BRDA:74,19,0,4
BRDA:87,20,0,4
BRDA:103,21,0,2
BRF:22
BRH:20
end_of_record
